{"G:\\xampp\\htdocs\\node\\order-service\\api\\customer.js": {"path":"G:\\xampp\\htdocs\\node\\order-service\\api\\customer.js","statementMap":{"0":{"start":{"line":3,"column":12},"end":{"line":3,"column":26}},"1":{"start":{"line":4,"column":16},"end":{"line":4,"column":36}},"2":{"start":{"line":5,"column":13},"end":{"line":5,"column":28}},"3":{"start":{"line":6,"column":12},"end":{"line":6,"column":30}},"4":{"start":{"line":7,"column":0},"end":{"line":7,"column":40}},"5":{"start":{"line":8,"column":0},"end":{"line":8,"column":54}},"6":{"start":{"line":9,"column":17},"end":{"line":9,"column":50}},"7":{"start":{"line":11,"column":0},"end":{"line":39,"column":2}},"8":{"start":{"line":12,"column":19},"end":{"line":12,"column":22}},"9":{"start":{"line":13,"column":24},"end":{"line":13,"column":26}},"10":{"start":{"line":15,"column":22},"end":{"line":15,"column":44}},"11":{"start":{"line":16,"column":22},"end":{"line":16,"column":56}},"12":{"start":{"line":18,"column":2},"end":{"line":23,"column":3}},"13":{"start":{"line":19,"column":23},"end":{"line":19,"column":56}},"14":{"start":{"line":20,"column":4},"end":{"line":20,"column":58}},"15":{"start":{"line":22,"column":4},"end":{"line":22,"column":54}},"16":{"start":{"line":25,"column":2},"end":{"line":35,"column":4}},"17":{"start":{"line":43,"column":20},"end":{"line":43,"column":69}},"18":{"start":{"line":44,"column":16},"end":{"line":44,"column":29}},"19":{"start":{"line":45,"column":2},"end":{"line":51,"column":3}},"20":{"start":{"line":46,"column":4},"end":{"line":46,"column":16}},"21":{"start":{"line":48,"column":24},"end":{"line":48,"column":29}},"22":{"start":{"line":49,"column":20},"end":{"line":49,"column":57}},"23":{"start":{"line":49,"column":37},"end":{"line":49,"column":46}},"24":{"start":{"line":50,"column":4},"end":{"line":50,"column":19}},"25":{"start":{"line":53,"column":0},"end":{"line":53,"column":49}},"26":{"start":{"line":56,"column":22},"end":{"line":56,"column":46}},"27":{"start":{"line":57,"column":2},"end":{"line":57,"column":26}},"28":{"start":{"line":58,"column":2},"end":{"line":58,"column":37}},"29":{"start":{"line":59,"column":2},"end":{"line":59,"column":35}},"30":{"start":{"line":61,"column":23},"end":{"line":64,"column":3}},"31":{"start":{"line":65,"column":2},"end":{"line":66,"column":27}},"32":{"start":{"line":66,"column":17},"end":{"line":66,"column":25}},"33":{"start":{"line":68,"column":0},"end":{"line":68,"column":47}}},"fnMap":{"0":{"name":"(anonymous_0)","decl":{"start":{"line":11,"column":24},"end":{"line":11,"column":25}},"loc":{"start":{"line":11,"column":39},"end":{"line":39,"column":1}},"line":11},"1":{"name":"validateRequest","decl":{"start":{"line":42,"column":15},"end":{"line":42,"column":30}},"loc":{"start":{"line":42,"column":44},"end":{"line":52,"column":1}},"line":42},"2":{"name":"(anonymous_2)","decl":{"start":{"line":49,"column":32},"end":{"line":49,"column":33}},"loc":{"start":{"line":49,"column":37},"end":{"line":49,"column":46}},"line":49},"3":{"name":"submitCustomer","decl":{"start":{"line":55,"column":15},"end":{"line":55,"column":29}},"loc":{"start":{"line":55,"column":40},"end":{"line":67,"column":1}},"line":55},"4":{"name":"(anonymous_4)","decl":{"start":{"line":66,"column":10},"end":{"line":66,"column":11}},"loc":{"start":{"line":66,"column":17},"end":{"line":66,"column":25}},"line":66}},"branchMap":{"0":{"loc":{"start":{"line":18,"column":2},"end":{"line":23,"column":3}},"type":"if","locations":[{"start":{"line":18,"column":2},"end":{"line":23,"column":3}},{"start":{"line":18,"column":2},"end":{"line":23,"column":3}}],"line":18},"1":{"loc":{"start":{"line":45,"column":2},"end":{"line":51,"column":3}},"type":"if","locations":[{"start":{"line":45,"column":2},"end":{"line":51,"column":3}},{"start":{"line":45,"column":2},"end":{"line":51,"column":3}}],"line":45}},"s":{"0":1,"1":1,"2":1,"3":1,"4":1,"5":1,"6":1,"7":1,"8":0,"9":0,"10":0,"11":0,"12":0,"13":0,"14":0,"15":0,"16":0,"17":4,"18":4,"19":4,"20":2,"21":2,"22":2,"23":2,"24":2,"25":1,"26":1,"27":1,"28":1,"29":1,"30":1,"31":1,"32":1,"33":1},"f":{"0":0,"1":4,"2":2,"3":1,"4":1},"b":{"0":[0,0],"1":[2,2]},"_coverageSchema":"1a1c01bbd47fc00a2c39e90264f33305004495a9","hash":"5524258f760669c2a843c51d82233336ddebc7a7"}
,"G:\\xampp\\htdocs\\node\\order-service\\api\\schemas.js": {"path":"G:\\xampp\\htdocs\\node\\order-service\\api\\schemas.js","statementMap":{"0":{"start":{"line":1,"column":12},"end":{"line":1,"column":26}},"1":{"start":{"line":3,"column":23},"end":{"line":6,"column":2}},"2":{"start":{"line":8,"column":26},"end":{"line":14,"column":2}},"3":{"start":{"line":16,"column":20},"end":{"line":22,"column":2}},"4":{"start":{"line":24,"column":0},"end":{"line":28,"column":2}}},"fnMap":{},"branchMap":{},"s":{"0":1,"1":1,"2":1,"3":1,"4":1},"f":{},"b":{},"_coverageSchema":"1a1c01bbd47fc00a2c39e90264f33305004495a9","hash":"44336f1fffcd42e269300c4ba1946d7d461e1815"}
}
