TN:
SF:api\customer.js
FN:11,(anonymous_0)
FN:42,validateRequest
FN:49,(anonymous_2)
FN:55,submitCustomer
FN:66,(anonymous_4)
FNF:5
FNH:4
FNDA:0,(anonymous_0)
FNDA:4,validateRequest
FNDA:2,(anonymous_2)
FNDA:1,submitCustomer
FNDA:1,(anonymous_4)
DA:3,1
DA:4,1
DA:5,1
DA:6,1
DA:7,1
DA:8,1
DA:9,1
DA:11,1
DA:12,0
DA:13,0
DA:15,0
DA:16,0
DA:18,0
DA:19,0
DA:20,0
DA:22,0
DA:25,0
DA:43,4
DA:44,4
DA:45,4
DA:46,2
DA:48,2
DA:49,2
DA:50,2
DA:53,1
DA:56,1
DA:57,1
DA:58,1
DA:59,1
DA:61,1
DA:65,1
DA:66,1
DA:68,1
LF:33
LH:24
BRDA:18,0,0,0
BRDA:18,0,1,0
BRDA:45,1,0,2
BRDA:45,1,1,2
BRF:4
BRH:2
end_of_record
TN:
SF:api\schemas.js
FNF:0
FNH:0
DA:1,1
DA:3,1
DA:8,1
DA:16,1
DA:24,1
LF:5
LH:5
BRF:0
BRH:0
end_of_record
